<?xml version="1.0" encoding="UTF-8"?>
<!-- Generated by org.testng.reporters.JUnitReportReporter -->
<testsuite hostname="Mobis-Mac-mini.local" name="com.logintest.testscripts.LoginTest" tests="4" failures="0" timestamp="17 Dec 2019 18:28:01 GMT" time="50.989" errors="3">
  <testcase name="loginTest" time="0.070" classname="com.logintest.testscripts.LoginTest">
    <error type="java.lang.RuntimeException" message="Unexpected result for screenshot command: com.google.common.collect.Maps$TransformedEntriesMap instance">
      <![CDATA[java.lang.RuntimeException: Unexpected result for screenshot command: com.google.common.collect.Maps$TransformedEntriesMap instance
	at org.openqa.selenium.remote.RemoteWebDriver.getScreenshotAs(RemoteWebDriver.java:344)
	at com.logintest.base.PredefinedMethods.takeScreenShot(PredefinedMethods.java:109)
	at com.logintest.testscripts.TestMethods.takeScreenShot(TestMethods.java:21)
	at com.logintest.testscripts.LoginTest.afterMethod(LoginTest.java:50)
	at sun.reflect.NativeMethodAccessorImpl.invoke0(Native Method)
	at sun.reflect.NativeMethodAccessorImpl.invoke(NativeMethodAccessorImpl.java:62)
	at sun.reflect.DelegatingMethodAccessorImpl.invoke(DelegatingMethodAccessorImpl.java:43)
	at java.lang.reflect.Method.invoke(Method.java:498)
	at org.testng.internal.MethodInvocationHelper.invokeMethod(MethodInvocationHelper.java:85)
	at org.testng.internal.Invoker.invokeConfigurationMethod(Invoker.java:510)
	at org.testng.internal.Invoker.invokeConfigurations(Invoker.java:211)
	at org.testng.internal.Invoker.invokeMethod(Invoker.java:703)
	at org.testng.internal.Invoker.invokeTestMethod(Invoker.java:816)
	at org.testng.internal.Invoker.invokeTestMethods(Invoker.java:1124)
	at org.testng.internal.TestMethodWorker.invokeTestMethods(TestMethodWorker.java:125)
	at org.testng.internal.TestMethodWorker.run(TestMethodWorker.java:108)
	at org.testng.TestRunner.privateRun(TestRunner.java:774)
	at org.testng.TestRunner.run(TestRunner.java:624)
	at org.testng.SuiteRunner.runTest(SuiteRunner.java:359)
	at org.testng.SuiteRunner.runSequentially(SuiteRunner.java:354)
	at org.testng.SuiteRunner.privateRun(SuiteRunner.java:312)
	at org.testng.SuiteRunner.run(SuiteRunner.java:261)
	at org.testng.SuiteRunnerWorker.runSuite(SuiteRunnerWorker.java:52)
	at org.testng.SuiteRunnerWorker.run(SuiteRunnerWorker.java:86)
	at org.testng.TestNG.runSuitesSequentially(TestNG.java:1215)
	at org.testng.TestNG.runSuitesLocally(TestNG.java:1140)
	at org.testng.TestNG.run(TestNG.java:1048)
	at org.testng.remote.AbstractRemoteTestNG.run(AbstractRemoteTestNG.java:115)
	at org.testng.remote.RemoteTestNG.initAndRun(RemoteTestNG.java:251)
	at org.testng.remote.RemoteTestNG.main(RemoteTestNG.java:77)
]]>
    </error>
  </testcase> <!-- loginTest -->
  <testcase name="loginTest" time="45.188" classname="com.logintest.testscripts.LoginTest">
    <error type="org.openqa.selenium.WebDriverException" message="Failed to connect to binary FirefoxBinary(/Applications/Firefox.app/Contents/MacOS/firefox-bin) on port 7055; process output follows: 
l,&quot;contributors&quot;:null,&quot;locales&quot;:[&quot;gl&quot;]},{&quot;name&quot;:&quot;Viquipèdia (ca)&quot;,&quot;description&quot;:&quot;L&#039;enciclopèdia lliure&quot;,&quot;creator&quot;:null,&quot;developers&quot;:null,&quot;translators&quot;:null,&quot;contributors&quot;:null,&quot;locales&quot;:[&quot;ca&quot;]},{&quot;name&quot;:&quot;Wikipédia (sk)&quot;,&quot;description&quot;:&quot;Wikipédia, slobodná a otvorená encyklopédia&quot;,&quot;creator&quot;:null,&quot;developers&quot;:null,&quot;translators&quot;:null,&quot;contributors&quot;:null,&quot;locales&quot;:[&quot;sk&quot;]},{&quot;name&quot;:&quot;Википедија (sr)&quot;,&quot;description&quot;:&quot;Претрага Википедије на српском језику&quot;,&quot;creator&quot;:null,&quot;developers&quot;:null,&quot;translators&quot;:null,&quot;contributors&quot;:null,&quot;locales&quot;:[&quot;sr&quot;]},{&quot;name&quot;:&quot;Wikipedia (af)&quot;,&quot;description&quot;:&quot;Wikipedia, die vrye ensiklopedie&quot;,&quot;creator&quot;:null,&quot;developers&quot;:null,&quot;translators&quot;:null,&quot;contributors&quot;:null,&quot;locales&quot;:[&quot;af&quot;]},{&quot;name&quot;:&quot;ویکی‌پدیا (fa)&quot;,&quot;description&quot;:&quot;ویکی‌پدیا، دانشنامهٔ آزاد&quot;,&quot;creator&quot;:null,&quot;developers&quot;:null,&quot;translators&quot;:null,&quot;contributors&quot;:null,&quot;locales&quot;:[&quot;fa&quot;]},{&quot;name&quot;:&quot;വിക്കിപീഡിയ (ml)&quot;,&quot;description&quot;:&quot;വിക്കിപീഡിയ, സ്വതന്ത്ര സര്‍വ്വവിജ്ഞാനകോശം &quot;,&quot;creator&quot;:null,&quot;developers&quot;:null,&quot;translators&quot;:null,&quot;contributors&quot;:null,&quot;locales&quot;:[&quot;ml&quot;]},{&quot;name&quot;:&quot;Wikipedia (ms)&quot;,&quot;description&quot;:&quot;Wikipedia, ensiklopedia bebas&quot;,&quot;creator&quot;:null,&quot;developers&quot;:null,&quot;translators&quot;:null,&quot;contributors&quot;:null,&quot;locales&quot;:[&quot;ms&quot;]},{&quot;name&quot;:&quot;Wikipedia (ia)&quot;,&quot;description&quot;:&quot;Wikipedia, le encyclopedia libere&quot;,&quot;creator&quot;:null,&quot;developers&quot;:null,&quot;translators&quot;:null,&quot;contributors&quot;:null,&quot;locales&quot;:[&quot;ia&quot;]},{&quot;name&quot;:&quot;Wikipedia (no)&quot;,&quot;description&quot;:&quot;Wikipedia, den frie encyklopedi&quot;,&quot;creator&quot;:null,&quot;developers&quot;:null,&quot;translators&quot;:null,&quot;contributors&quot;:null,&quot;locales&quot;:[&quot;NO&quot;]},{&quot;name&quot;:&quot;Википедия (ru)&quot;,&quot;description&quot;:&quot;Википедия, свободная энциклопедия&quot;,&quot;creator&quot;:null,&quot;developers&quot;:null,&quot;translators&quot;:null,&quot;contributors&quot;:null,&quot;locales&quot;:[&quot;ru&quot;]},{&quot;name&quot;:&quot;Wikipedia (br)&quot;,&quot;description&quot;:&quot;Wikipedia, an holloueziadur digor&quot;,&quot;creator&quot;:null,&quot;developers&quot;:null,&quot;translators&quot;:null,&quot;contributors&quot;:null,&quot;locales&quot;:[&quot;br&quot;]},{&quot;name&quot;:&quot;Wikipedia (pl)&quot;,&quot;description&quot;:&quot;Wikipedia, wolna encyklopedia&quot;,&quot;creator&quot;:null,&quot;developers&quot;:null,&quot;translators&quot;:null,&quot;contributors&quot;:null,&quot;locales&quot;:[&quot;pl&quot;]},{&quot;name&quot;:&quot;Вікіпэдыя (be-tarask)&quot;,&quot;description&quot;:&quot;Вікіпэдыя, вольная энцыкляпэдыя&quot;,&quot;creator&quot;:null,&quot;developers&quot;:null,&quot;translators&quot;:null,&quot;contributors&quot;:null,&quot;locales&quot;:[&quot;be-tarask&quot;]},{&quot;name&quot;:&quot;Wikipedia (sv)&quot;,&quot;description&quot;:&quot;Wikipedia, den fria encyklopedin&quot;,&quot;creator&quot;:null,&quot;developers&quot;:null,&quot;translators&quot;:null,&quot;contributors&quot;:null,&quot;locales&quot;:[&quot;sv-SE&quot;]},{&quot;name&quot;:&quot;ວິກິພີເດຍ (lo)&quot;,&quot;description&quot;:&quot;ວິກິພີເດຍ, ສາລານຸກົມເສລີ&quot;,&quot;creator&quot;:null,&quot;developers&quot;:null,&quot;translators&quot;:null,&quot;contributors&quot;:null,&quot;locales&quot;:[&quot;lo&quot;]},{&quot;name&quot;:&quot;Wikipedija (sl)&quot;,&quot;description&quot;:&quot;Wikipedija, prosta enciklopedija&quot;,&quot;creator&quot;:null,&quot;developers&quot;:null,&quot;translators&quot;:null,&quot;contributors&quot;:null,&quot;locales&quot;:[&quot;sl&quot;]},{&quot;name&quot;:&quot;Vikipēdija&quot;,&quot;description&quot;:&quot;Vikipēdija, brīvā enciklopēdija&quot;,&quot;creator&quot;:null,&quot;developers&quot;:null,&quot;translators&quot;:null,&quot;contributors&quot;:null,&quot;locales&quot;:[&quot;lv&quot;]},{&quot;name&quot;:&quot;Biquipedia (an)&quot;,&quot;description&quot;:&quot;A enciclopedia Libre&quot;,&quot;creator&quot;:null,&quot;developers&quot;:null,&quot;translators&quot;:null,&quot;contributors&quot;:null,&quot;locales&quot;:[&quot;an&quot;]}],&quot;targetApplications&quot;:[{&quot;id&quot;:&quot;toolkit@mozilla.org&quot;,&quot;minVersion&quot;:null,&quot;maxVersion&quot;:null}],&quot;targetPlatforms&quot;:[],&quot;seen&quot;:true,&quot;dependencies&quot;:[],&quot;incognito&quot;:&quot;spanning&quot;,&quot;userPermissions&quot;:{&quot;permissions&quot;:[],&quot;origins&quot;:[]},&quot;icons&quot;:{&quot;16&quot;:&quot;favicon.ico&quot;},&quot;iconURL&quot;:null,&quot;blocklistState&quot;:0,&quot;blocklistURL&quot;:null,&quot;startupData&quot;:null,&quot;hidden&quot;:true,&quot;installTelemetryInfo&quot;:null,&quot;recommendationState&quot;:null,&quot;rootURI&quot;:&quot;resource://search-extensions/wikipedia/&quot;,&quot;location&quot;:&quot;app-builtin&quot;}
1576607182717	addons.xpi	DEBUG	Loading bootstrap scope from resource://search-extensions/wikipedia/
1576607182717	addons.xpi	DEBUG	Calling bootstrap method install on wikipedia@search.mozilla.org version 1.0
1576607182717	addons.xpi	DEBUG	Calling bootstrap method startup on wikipedia@search.mozilla.org version 1.0

Build info: version: &#039;2.53.0&#039;, revision: &#039;35ae25b&#039;, time: &#039;2016-03-15 16:57:40&#039;
System info: host: &#039;Mobis-Mac-mini.local&#039;, ip: &#039;192.168.100.102&#039;, os.name: &#039;Mac OS X&#039;, os.arch: &#039;x86_64&#039;, os.version: &#039;10.15.1&#039;, java.version: &#039;1.8.0_231&#039;
Driver info: driver.version: FirefoxDriver">
      <![CDATA[org.openqa.selenium.WebDriverException: Failed to connect to binary FirefoxBinary(/Applications/Firefox.app/Contents/MacOS/firefox-bin) on port 7055; process output follows: 
l,"contributors":null,"locales":["gl"]},{"name":"Viquipèdia (ca)","description":"L'enciclopèdia lliure","creator":null,"developers":null,"translators":null,"contributors":null,"locales":["ca"]},{"name":"Wikipédia (sk)","description":"Wikipédia, slobodná a otvorená encyklopédia","creator":null,"developers":null,"translators":null,"contributors":null,"locales":["sk"]},{"name":"Википедија (sr)","description":"Претрага Википедије на српском језику","creator":null,"developers":null,"translators":null,"contributors":null,"locales":["sr"]},{"name":"Wikipedia (af)","description":"Wikipedia, die vrye ensiklopedie","creator":null,"developers":null,"translators":null,"contributors":null,"locales":["af"]},{"name":"ویکی‌پدیا (fa)","description":"ویکی‌پدیا، دانشنامهٔ آزاد","creator":null,"developers":null,"translators":null,"contributors":null,"locales":["fa"]},{"name":"വിക്കിപീഡിയ (ml)","description":"വിക്കിപീഡിയ, സ്വതന്ത്ര സര്‍വ്വവിജ്ഞാനകോശം ","creator":null,"developers":null,"translators":null,"contributors":null,"locales":["ml"]},{"name":"Wikipedia (ms)","description":"Wikipedia, ensiklopedia bebas","creator":null,"developers":null,"translators":null,"contributors":null,"locales":["ms"]},{"name":"Wikipedia (ia)","description":"Wikipedia, le encyclopedia libere","creator":null,"developers":null,"translators":null,"contributors":null,"locales":["ia"]},{"name":"Wikipedia (no)","description":"Wikipedia, den frie encyklopedi","creator":null,"developers":null,"translators":null,"contributors":null,"locales":["NO"]},{"name":"Википедия (ru)","description":"Википедия, свободная энциклопедия","creator":null,"developers":null,"translators":null,"contributors":null,"locales":["ru"]},{"name":"Wikipedia (br)","description":"Wikipedia, an holloueziadur digor","creator":null,"developers":null,"translators":null,"contributors":null,"locales":["br"]},{"name":"Wikipedia (pl)","description":"Wikipedia, wolna encyklopedia","creator":null,"developers":null,"translators":null,"contributors":null,"locales":["pl"]},{"name":"Вікіпэдыя (be-tarask)","description":"Вікіпэдыя, вольная энцыкляпэдыя","creator":null,"developers":null,"translators":null,"contributors":null,"locales":["be-tarask"]},{"name":"Wikipedia (sv)","description":"Wikipedia, den fria encyklopedin","creator":null,"developers":null,"translators":null,"contributors":null,"locales":["sv-SE"]},{"name":"ວິກິພີເດຍ (lo)","description":"ວິກິພີເດຍ, ສາລານຸກົມເສລີ","creator":null,"developers":null,"translators":null,"contributors":null,"locales":["lo"]},{"name":"Wikipedija (sl)","description":"Wikipedija, prosta enciklopedija","creator":null,"developers":null,"translators":null,"contributors":null,"locales":["sl"]},{"name":"Vikipēdija","description":"Vikipēdija, brīvā enciklopēdija","creator":null,"developers":null,"translators":null,"contributors":null,"locales":["lv"]},{"name":"Biquipedia (an)","description":"A enciclopedia Libre","creator":null,"developers":null,"translators":null,"contributors":null,"locales":["an"]}],"targetApplications":[{"id":"toolkit@mozilla.org","minVersion":null,"maxVersion":null}],"targetPlatforms":[],"seen":true,"dependencies":[],"incognito":"spanning","userPermissions":{"permissions":[],"origins":[]},"icons":{"16":"favicon.ico"},"iconURL":null,"blocklistState":0,"blocklistURL":null,"startupData":null,"hidden":true,"installTelemetryInfo":null,"recommendationState":null,"rootURI":"resource://search-extensions/wikipedia/","location":"app-builtin"}
1576607182717	addons.xpi	DEBUG	Loading bootstrap scope from resource://search-extensions/wikipedia/
1576607182717	addons.xpi	DEBUG	Calling bootstrap method install on wikipedia@search.mozilla.org version 1.0
1576607182717	addons.xpi	DEBUG	Calling bootstrap method startup on wikipedia@search.mozilla.org version 1.0

Build info: version: '2.53.0', revision: '35ae25b', time: '2016-03-15 16:57:40'
System info: host: 'Mobis-Mac-mini.local', ip: '192.168.100.102', os.name: 'Mac OS X', os.arch: 'x86_64', os.version: '10.15.1', java.version: '1.8.0_231'
Driver info: driver.version: FirefoxDriver
	at org.openqa.selenium.firefox.internal.NewProfileExtensionConnection.start(NewProfileExtensionConnection.java:124)
	at org.openqa.selenium.firefox.FirefoxDriver.startClient(FirefoxDriver.java:271)
	at org.openqa.selenium.remote.RemoteWebDriver.<init>(RemoteWebDriver.java:119)
	at org.openqa.selenium.firefox.FirefoxDriver.<init>(FirefoxDriver.java:218)
	at org.openqa.selenium.firefox.FirefoxDriver.<init>(FirefoxDriver.java:211)
	at org.openqa.selenium.firefox.FirefoxDriver.<init>(FirefoxDriver.java:207)
	at org.openqa.selenium.firefox.FirefoxDriver.<init>(FirefoxDriver.java:120)
	at com.logintest.base.PredefinedMethods.start(PredefinedMethods.java:87)
	at com.logintest.testscripts.TestMethods.initialize(TestMethods.java:10)
	at com.logintest.testscripts.LoginTest.loginTest(LoginTest.java:23)
	at sun.reflect.NativeMethodAccessorImpl.invoke0(Native Method)
	at sun.reflect.NativeMethodAccessorImpl.invoke(NativeMethodAccessorImpl.java:62)
	at sun.reflect.DelegatingMethodAccessorImpl.invoke(DelegatingMethodAccessorImpl.java:43)
	at java.lang.reflect.Method.invoke(Method.java:498)
	at org.testng.internal.MethodInvocationHelper.invokeMethod(MethodInvocationHelper.java:85)
	at org.testng.internal.Invoker.invokeMethod(Invoker.java:639)
	at org.testng.internal.Invoker.invokeTestMethod(Invoker.java:816)
	at org.testng.internal.Invoker.invokeTestMethods(Invoker.java:1124)
	at org.testng.internal.TestMethodWorker.invokeTestMethods(TestMethodWorker.java:125)
	at org.testng.internal.TestMethodWorker.run(TestMethodWorker.java:108)
	at org.testng.TestRunner.privateRun(TestRunner.java:774)
	at org.testng.TestRunner.run(TestRunner.java:624)
	at org.testng.SuiteRunner.runTest(SuiteRunner.java:359)
	at org.testng.SuiteRunner.runSequentially(SuiteRunner.java:354)
	at org.testng.SuiteRunner.privateRun(SuiteRunner.java:312)
	at org.testng.SuiteRunner.run(SuiteRunner.java:261)
	at org.testng.SuiteRunnerWorker.runSuite(SuiteRunnerWorker.java:52)
	at org.testng.SuiteRunnerWorker.run(SuiteRunnerWorker.java:86)
	at org.testng.TestNG.runSuitesSequentially(TestNG.java:1215)
	at org.testng.TestNG.runSuitesLocally(TestNG.java:1140)
	at org.testng.TestNG.run(TestNG.java:1048)
	at org.testng.remote.AbstractRemoteTestNG.run(AbstractRemoteTestNG.java:115)
	at org.testng.remote.RemoteTestNG.initAndRun(RemoteTestNG.java:251)
	at org.testng.remote.RemoteTestNG.main(RemoteTestNG.java:77)
Caused by: org.openqa.selenium.firefox.NotConnectedException: Unable to connect to host 127.0.0.1 on port 7055 after 45000 ms. Firefox console output:
l,"contributors":null,"locales":["gl"]},{"name":"Viquipèdia (ca)","description":"L'enciclopèdia lliure","creator":null,"developers":null,"translators":null,"contributors":null,"locales":["ca"]},{"name":"Wikipédia (sk)","description":"Wikipédia, slobodná a otvorená encyklopédia","creator":null,"developers":null,"translators":null,"contributors":null,"locales":["sk"]},{"name":"Википедија (sr)","description":"Претрага Википедије на српском језику","creator":null,"developers":null,"translators":null,"contributors":null,"locales":["sr"]},{"name":"Wikipedia (af)","description":"Wikipedia, die vrye ensiklopedie","creator":null,"developers":null,"translators":null,"contributors":null,"locales":["af"]},{"name":"ویکی‌پدیا (fa)","description":"ویکی‌پدیا، دانشنامهٔ آزاد","creator":null,"developers":null,"translators":null,"contributors":null,"locales":["fa"]},{"name":"വിക്കിപീഡിയ (ml)","description":"വിക്കിപീഡിയ, സ്വതന്ത്ര സര്‍വ്വവിജ്ഞാനകോശം ","creator":null,"developers":null,"translators":null,"contributors":null,"locales":["ml"]},{"name":"Wikipedia (ms)","description":"Wikipedia, ensiklopedia bebas","creator":null,"developers":null,"translators":null,"contributors":null,"locales":["ms"]},{"name":"Wikipedia (ia)","description":"Wikipedia, le encyclopedia libere","creator":null,"developers":null,"translators":null,"contributors":null,"locales":["ia"]},{"name":"Wikipedia (no)","description":"Wikipedia, den frie encyklopedi","creator":null,"developers":null,"translators":null,"contributors":null,"locales":["NO"]},{"name":"Википедия (ru)","description":"Википедия, свободная энциклопедия","creator":null,"developers":null,"translators":null,"contributors":null,"locales":["ru"]},{"name":"Wikipedia (br)","description":"Wikipedia, an holloueziadur digor","creator":null,"developers":null,"translators":null,"contributors":null,"locales":["br"]},{"name":"Wikipedia (pl)","description":"Wikipedia, wolna encyklopedia","creator":null,"developers":null,"translators":null,"contributors":null,"locales":["pl"]},{"name":"Вікіпэдыя (be-tarask)","description":"Вікіпэдыя, вольная энцыкляпэдыя","creator":null,"developers":null,"translators":null,"contributors":null,"locales":["be-tarask"]},{"name":"Wikipedia (sv)","description":"Wikipedia, den fria encyklopedin","creator":null,"developers":null,"translators":null,"contributors":null,"locales":["sv-SE"]},{"name":"ວິກິພີເດຍ (lo)","description":"ວິກິພີເດຍ, ສາລານຸກົມເສລີ","creator":null,"developers":null,"translators":null,"contributors":null,"locales":["lo"]},{"name":"Wikipedija (sl)","description":"Wikipedija, prosta enciklopedija","creator":null,"developers":null,"translators":null,"contributors":null,"locales":["sl"]},{"name":"Vikipēdija","description":"Vikipēdija, brīvā enciklopēdija","creator":null,"developers":null,"translators":null,"contributors":null,"locales":["lv"]},{"name":"Biquipedia (an)","description":"A enciclopedia Libre","creator":null,"developers":null,"translators":null,"contributors":null,"locales":["an"]}],"targetApplications":[{"id":"toolkit@mozilla.org","minVersion":null,"maxVersion":null}],"targetPlatforms":[],"seen":true,"dependencies":[],"incognito":"spanning","userPermissions":{"permissions":[],"origins":[]},"icons":{"16":"favicon.ico"},"iconURL":null,"blocklistState":0,"blocklistURL":null,"startupData":null,"hidden":true,"installTelemetryInfo":null,"recommendationState":null,"rootURI":"resource://search-extensions/wikipedia/","location":"app-builtin"}
1576607182717	addons.xpi	DEBUG	Loading bootstrap scope from resource://search-extensions/wikipedia/
1576607182717	addons.xpi	DEBUG	Calling bootstrap method install on wikipedia@search.mozilla.org version 1.0
1576607182717	addons.xpi	DEBUG	Calling bootstrap method startup on wikipedia@search.mozilla.org version 1.0

	at org.openqa.selenium.firefox.internal.NewProfileExtensionConnection.start(NewProfileExtensionConnection.java:112)
	... 33 more
]]>
    </error>
  </testcase> <!-- loginTest -->
  <testcase name="loginTest" time="5.730" classname="com.logintest.testscripts.LoginTest"/>
  <testcase name="loginTest" time="0.001" classname="com.logintest.testscripts.LoginTest">
    <error type="java.lang.RuntimeException" message="Unexpected result for screenshot command: com.google.common.collect.Maps$TransformedEntriesMap instance">
      <![CDATA[java.lang.RuntimeException: Unexpected result for screenshot command: com.google.common.collect.Maps$TransformedEntriesMap instance
	at org.openqa.selenium.remote.RemoteWebDriver.getScreenshotAs(RemoteWebDriver.java:344)
	at com.logintest.base.PredefinedMethods.takeScreenShot(PredefinedMethods.java:109)
	at com.logintest.testscripts.TestMethods.takeScreenShot(TestMethods.java:21)
	at com.logintest.testscripts.LoginTest.afterMethod(LoginTest.java:50)
	at sun.reflect.NativeMethodAccessorImpl.invoke0(Native Method)
	at sun.reflect.NativeMethodAccessorImpl.invoke(NativeMethodAccessorImpl.java:62)
	at sun.reflect.DelegatingMethodAccessorImpl.invoke(DelegatingMethodAccessorImpl.java:43)
	at java.lang.reflect.Method.invoke(Method.java:498)
	at org.testng.internal.MethodInvocationHelper.invokeMethod(MethodInvocationHelper.java:85)
	at org.testng.internal.Invoker.invokeConfigurationMethod(Invoker.java:510)
	at org.testng.internal.Invoker.invokeConfigurations(Invoker.java:211)
	at org.testng.internal.Invoker.invokeMethod(Invoker.java:703)
	at org.testng.internal.Invoker.invokeTestMethod(Invoker.java:816)
	at org.testng.internal.Invoker.invokeTestMethods(Invoker.java:1124)
	at org.testng.internal.TestMethodWorker.invokeTestMethods(TestMethodWorker.java:125)
	at org.testng.internal.TestMethodWorker.run(TestMethodWorker.java:108)
	at org.testng.TestRunner.privateRun(TestRunner.java:774)
	at org.testng.TestRunner.run(TestRunner.java:624)
	at org.testng.SuiteRunner.runTest(SuiteRunner.java:359)
	at org.testng.SuiteRunner.runSequentially(SuiteRunner.java:354)
	at org.testng.SuiteRunner.privateRun(SuiteRunner.java:312)
	at org.testng.SuiteRunner.run(SuiteRunner.java:261)
	at org.testng.SuiteRunnerWorker.runSuite(SuiteRunnerWorker.java:52)
	at org.testng.SuiteRunnerWorker.run(SuiteRunnerWorker.java:86)
	at org.testng.TestNG.runSuitesSequentially(TestNG.java:1215)
	at org.testng.TestNG.runSuitesLocally(TestNG.java:1140)
	at org.testng.TestNG.run(TestNG.java:1048)
	at org.testng.remote.AbstractRemoteTestNG.run(AbstractRemoteTestNG.java:115)
	at org.testng.remote.RemoteTestNG.initAndRun(RemoteTestNG.java:251)
	at org.testng.remote.RemoteTestNG.main(RemoteTestNG.java:77)
]]>
    </error>
  </testcase> <!-- loginTest -->
</testsuite> <!-- com.logintest.testscripts.LoginTest -->
